2018-09-13 12:28:18.639  INFO 5252 --- [restartedMain] s.c.SpringBootJwtAngularjsApplication    : Starting SpringBootJwtAngularjsApplication on Dame-PC with PID 5252 (C:\Users\Dame\IdeaProjects\springBoot_jwt_angularjs\target\classes started by Dame in C:\Users\Dame\IdeaProjects\springBoot_jwt_angularjs)
2018-09-13 12:28:18.640  INFO 5252 --- [restartedMain] s.c.SpringBootJwtAngularjsApplication    : No active profile set, falling back to default profiles: default
2018-09-13 12:28:19.049  INFO 5252 --- [restartedMain] ationConfigEmbeddedWebApplicationContext : Refreshing org.springframework.boot.context.embedded.AnnotationConfigEmbeddedWebApplicationContext@196da941: startup date [Thu Sep 13 12:28:19 UTC 2018]; root of context hierarchy
2018-09-13 12:28:23.218  INFO 5252 --- [restartedMain] s.b.c.e.t.TomcatEmbeddedServletContainer : Tomcat initialized with port(s): 80 (http)
2018-09-13 12:28:23.237  INFO 5252 --- [restartedMain] o.apache.catalina.core.StandardService   : Starting service [Tomcat]
2018-09-13 12:28:23.238  INFO 5252 --- [restartedMain] org.apache.catalina.core.StandardEngine  : Starting Servlet Engine: Apache Tomcat/8.5.15
2018-09-13 12:28:23.441  INFO 5252 --- [localhost-startStop-1] o.a.c.c.C.[Tomcat].[localhost].[/]       : Initializing Spring embedded WebApplicationContext
2018-09-13 12:28:23.442  INFO 5252 --- [localhost-startStop-1] o.s.web.context.ContextLoader            : Root WebApplicationContext: initialization completed in 4398 ms
2018-09-13 12:28:23.702  INFO 5252 --- [localhost-startStop-1] o.s.b.w.servlet.FilterRegistrationBean   : Mapping filter: 'characterEncodingFilter' to: [/*]
2018-09-13 12:28:23.703  INFO 5252 --- [localhost-startStop-1] .s.DelegatingFilterProxyRegistrationBean : Mapping filter: 'springSecurityFilterChain' to: [/*]
2018-09-13 12:28:23.704  INFO 5252 --- [localhost-startStop-1] o.s.b.w.servlet.ServletRegistrationBean  : Mapping servlet: 'dispatcherServlet' to [/]
2018-09-13 12:28:25.106  INFO 5252 --- [restartedMain] j.LocalContainerEntityManagerFactoryBean : Building JPA container EntityManagerFactory for persistence unit 'default'
2018-09-13 12:28:25.125  INFO 5252 --- [restartedMain] o.hibernate.jpa.internal.util.LogHelper  : HHH000204: Processing PersistenceUnitInfo [
	name: default
	...]
2018-09-13 12:28:25.236  INFO 5252 --- [restartedMain] org.hibernate.Version                    : HHH000412: Hibernate Core {5.0.12.Final}
2018-09-13 12:28:25.238  INFO 5252 --- [restartedMain] org.hibernate.cfg.Environment            : HHH000206: hibernate.properties not found
2018-09-13 12:28:25.240  INFO 5252 --- [restartedMain] org.hibernate.cfg.Environment            : HHH000021: Bytecode provider name : javassist
2018-09-13 12:28:25.309  INFO 5252 --- [restartedMain] o.hibernate.annotations.common.Version   : HCANN000001: Hibernate Commons Annotations {5.0.1.Final}
2018-09-13 12:28:25.654  INFO 5252 --- [restartedMain] org.hibernate.dialect.Dialect            : HHH000400: Using dialect: org.hibernate.dialect.PostgreSQLDialect
2018-09-13 12:28:25.950  INFO 5252 --- [restartedMain] o.h.e.j.e.i.LobCreatorBuilderImpl        : HHH000424: Disabling contextual LOB creation as createClob() method threw error : java.lang.reflect.InvocationTargetException
2018-09-13 12:28:25.952  INFO 5252 --- [restartedMain] org.hibernate.type.BasicTypeRegistry     : HHH000270: Type registration [java.util.UUID] overrides previous : org.hibernate.type.UUIDBinaryType@11659581
2018-09-13 12:28:26.704  INFO 5252 --- [restartedMain] org.hibernate.tool.hbm2ddl.SchemaUpdate  : HHH000228: Running hbm2ddl schema update
2018-09-13 12:28:26.956  INFO 5252 --- [restartedMain] j.LocalContainerEntityManagerFactoryBean : Initialized JPA EntityManagerFactory for persistence unit 'default'
2018-09-13 12:28:27.505  INFO 5252 --- [restartedMain] o.h.h.i.QueryTranslatorFactoryInitiator  : HHH000397: Using ASTQueryTranslatorFactory
2018-09-13 12:28:28.739  INFO 5252 --- [restartedMain] o.s.s.web.DefaultSecurityFilterChain     : Creating filter chain: Ant [pattern='/js/**'], []
2018-09-13 12:28:28.740  INFO 5252 --- [restartedMain] o.s.s.web.DefaultSecurityFilterChain     : Creating filter chain: Ant [pattern='/favicon.ico'], []
2018-09-13 12:28:28.743  INFO 5252 --- [restartedMain] o.s.s.web.DefaultSecurityFilterChain     : Creating filter chain: Ant [pattern='/angular/**'], []
2018-09-13 12:28:28.744  INFO 5252 --- [restartedMain] o.s.s.web.DefaultSecurityFilterChain     : Creating filter chain: Ant [pattern='/css/**'], []
2018-09-13 12:28:28.744  INFO 5252 --- [restartedMain] o.s.s.web.DefaultSecurityFilterChain     : Creating filter chain: Ant [pattern='/fonts/**'], []
2018-09-13 12:28:28.745  INFO 5252 --- [restartedMain] o.s.s.web.DefaultSecurityFilterChain     : Creating filter chain: Ant [pattern='/log.html'], []
2018-09-13 12:28:28.745  INFO 5252 --- [restartedMain] o.s.s.web.DefaultSecurityFilterChain     : Creating filter chain: Ant [pattern='/decon'], []
2018-09-13 12:28:28.745  INFO 5252 --- [restartedMain] o.s.s.web.DefaultSecurityFilterChain     : Creating filter chain: Ant [pattern='/inscription'], []
2018-09-13 12:28:28.745  INFO 5252 --- [restartedMain] o.s.s.web.DefaultSecurityFilterChain     : Creating filter chain: Ant [pattern='/envoimail'], []
2018-09-13 12:28:28.746  INFO 5252 --- [restartedMain] o.s.s.web.DefaultSecurityFilterChain     : Creating filter chain: Ant [pattern='/verifcode'], []
2018-09-13 12:28:28.747  INFO 5252 --- [restartedMain] o.s.s.web.DefaultSecurityFilterChain     : Creating filter chain: Ant [pattern='/modifpass'], []
2018-09-13 12:28:28.747  INFO 5252 --- [restartedMain] o.s.s.web.DefaultSecurityFilterChain     : Creating filter chain: Ant [pattern='/usermail/**'], []
2018-09-13 12:28:28.747  INFO 5252 --- [restartedMain] o.s.s.web.DefaultSecurityFilterChain     : Creating filter chain: Ant [pattern='/newabonne.html'], []
2018-09-13 12:28:28.747  INFO 5252 --- [restartedMain] o.s.s.web.DefaultSecurityFilterChain     : Creating filter chain: Ant [pattern='/resetpass.html'], []
2018-09-13 12:28:28.747  INFO 5252 --- [restartedMain] o.s.s.web.DefaultSecurityFilterChain     : Creating filter chain: Ant [pattern='/modifpassword.html'], []
2018-09-13 12:28:28.904  INFO 5252 --- [restartedMain] o.s.s.web.DefaultSecurityFilterChain     : Creating filter chain: org.springframework.security.web.util.matcher.AnyRequestMatcher@1, [org.springframework.security.web.context.request.async.WebAsyncManagerIntegrationFilter@22a54d1f, org.springframework.security.web.context.SecurityContextPersistenceFilter@4af9e792, org.springframework.security.web.header.HeaderWriterFilter@24591b1a, org.springframework.web.filter.CorsFilter@1d898a47, org.springframework.security.web.authentication.logout.LogoutFilter@2c125044, sn.camara.SecurityConfig.JWTLoginFilter@5998257e, sn.camara.SecurityConfig.JWTAuthenticationFilter@3041c853, org.springframework.security.web.savedrequest.RequestCacheAwareFilter@2a9a9f9c, org.springframework.security.web.servletapi.SecurityContextHolderAwareRequestFilter@70df645c, org.springframework.security.web.authentication.AnonymousAuthenticationFilter@3804a6f1, org.springframework.security.web.session.SessionManagementFilter@1d88a06f, org.springframework.security.web.access.ExceptionTranslationFilter@3a960586, org.springframework.security.web.access.intercept.FilterSecurityInterceptor@1a1d0273]
2018-09-13 12:28:29.065  INFO 5252 --- [restartedMain] s.w.s.m.m.a.RequestMappingHandlerMapping : Mapped "{[/users]}" onto public java.lang.String sn.camara.UserController.getUsers()
2018-09-13 12:28:29.075  INFO 5252 --- [restartedMain] s.w.s.m.m.a.RequestMappingHandlerMapping : Mapped "{[/abonne],methods=[GET]}" onto public java.util.List<sn.camara.User> sn.camara.UserService.getAbonnes()
2018-09-13 12:28:29.075  INFO 5252 --- [restartedMain] s.w.s.m.m.a.RequestMappingHandlerMapping : Mapped "{[/users],methods=[GET]}" onto public java.util.List<sn.camara.User> sn.camara.UserService.listeUsers() throws sn.camara.error.CustomException
2018-09-13 12:28:29.079  INFO 5252 --- [restartedMain] s.w.s.m.m.a.RequestMappingHandlerMapping : Mapped "{[/authenticate],methods=[POST]}" onto public java.util.Map<java.lang.String, java.lang.Object> sn.camara.UserService.connexion(java.lang.String)
2018-09-13 12:28:29.080  INFO 5252 --- [restartedMain] s.w.s.m.m.a.RequestMappingHandlerMapping : Mapped "{[/utilisateurs],methods=[GET]}" onto public org.springframework.http.ResponseEntity<java.util.List<sn.camara.User>> sn.camara.UserService.listAllProducts()
2018-09-13 12:28:29.081  INFO 5252 --- [restartedMain] s.w.s.m.m.a.RequestMappingHandlerMapping : Mapped "{[/abonnemail],methods=[POST]}" onto public java.util.List<sn.camara.User> sn.camara.UserService.abonne(java.lang.String)
2018-09-13 12:28:29.081  INFO 5252 --- [restartedMain] s.w.s.m.m.a.RequestMappingHandlerMapping : Mapped "{[/verifcode],methods=[POST]}" onto public sn.camara.User sn.camara.UserService.envoimail(sn.camara.User)
2018-09-13 12:28:29.088  INFO 5252 --- [restartedMain] s.w.s.m.m.a.RequestMappingHandlerMapping : Mapped "{[/error]}" onto public org.springframework.http.ResponseEntity<java.util.Map<java.lang.String, java.lang.Object>> org.springframework.boot.autoconfigure.web.BasicErrorController.error(javax.servlet.http.HttpServletRequest)
2018-09-13 12:28:29.089  INFO 5252 --- [restartedMain] s.w.s.m.m.a.RequestMappingHandlerMapping : Mapped "{[/error],produces=[text/html]}" onto public org.springframework.web.servlet.ModelAndView org.springframework.boot.autoconfigure.web.BasicErrorController.errorHtml(javax.servlet.http.HttpServletRequest,javax.servlet.http.HttpServletResponse)
2018-09-13 12:28:29.230  INFO 5252 --- [restartedMain] s.w.s.m.m.a.RequestMappingHandlerAdapter : Looking for @ControllerAdvice: org.springframework.boot.context.embedded.AnnotationConfigEmbeddedWebApplicationContext@196da941: startup date [Thu Sep 13 12:28:19 UTC 2018]; root of context hierarchy
2018-09-13 12:28:29.311  INFO 5252 --- [restartedMain] .m.m.a.ExceptionHandlerExceptionResolver : Detected @ExceptionHandler methods in globalControllerExceptionHandler
2018-09-13 12:28:30.149  INFO 5252 --- [restartedMain] o.s.b.d.a.OptionalLiveReloadServer       : LiveReload server is running on port 35729
2018-09-13 12:28:30.236  INFO 5252 --- [restartedMain] o.s.j.e.a.AnnotationMBeanExporter        : Registering beans for JMX exposure on startup
2018-09-13 12:28:30.344  INFO 5252 --- [restartedMain] s.b.c.e.t.TomcatEmbeddedServletContainer : Tomcat started on port(s): 80 (http)
2018-09-13 12:28:30.355  INFO 5252 --- [restartedMain] s.c.SpringBootJwtAngularjsApplication    : Started SpringBootJwtAngularjsApplication in 12.075 seconds (JVM running for 13.276)
2018-09-13 12:28:30.836  INFO 5252 --- [restartedMain] s.c.SpringBootJwtAngularjsApplication    : RANDOM==========>
